<?xml version="1.0" encoding="UTF-8" ?>
<testsuite tests="1" failures="0" name="runner.TestRunner" time="0.207" errors="0" skipped="1">
  <properties>
[...]
</properties>
  <testcase classname="Get Subscription" name="Selecting Subscription plan" time="0.207">
    <skipped/>
    <system-err>Jul 08, 2021 5:21:50 PM io.cucumber.junit.Cucumber &lt;init&gt;
WARNING: By default Cucumber is running in --non-strict mode.
This default will change to --strict and --non-strict will be removed.
You can use --strict or @CucumberOptions(strict = true) to suppress this warning
</system-err>
  </testcase>
</testsuite>